SF:C:\Users\erosd\Desktop\ProyectoUmbral\src\Sessions.Service\Sessions.Application\DependencyInjection.cs
FN:10,Microsoft.Extensions.DependencyInjection.IServiceCollection Sessions.Application.DependencyInjection::AddApplicationServices(Microsoft.Extensions.DependencyInjection.IServiceCollection)
FNDA:0,Microsoft.Extensions.DependencyInjection.IServiceCollection Sessions.Application.DependencyInjection::AddApplicationServices(Microsoft.Extensions.DependencyInjection.IServiceCollection)
DA:11,0
DA:12,0
DA:13,0
DA:14,0
DA:16,0
DA:17,0
LF:6
LH:0
BRF:0
BRH:0
FNF:1
FNH:0
end_of_record
SF:C:\Users\erosd\Desktop\ProyectoUmbral\src\Sessions.Service\Sessions.Application\Sessions\Transition\TransitionSessionCommand.cs
FN:5,System.Guid Sessions.Application.Sessions.Transition.TransitionSessionCommand::get_Id()
FNDA:19,System.Guid Sessions.Application.Sessions.Transition.TransitionSessionCommand::get_Id()
DA:6,19
FN:6,System.String Sessions.Application.Sessions.Transition.TransitionSessionCommand::get_NewStatus()
FNDA:39,System.String Sessions.Application.Sessions.Transition.TransitionSessionCommand::get_NewStatus()
DA:7,39
FN:4,System.Void Sessions.Application.Sessions.Transition.TransitionSessionCommand::.ctor(System.Guid,System.String)
FNDA:18,System.Void Sessions.Application.Sessions.Transition.TransitionSessionCommand::.ctor(System.Guid,System.String)
DA:5,18
LF:3
LH:3
BRF:0
BRH:0
FNF:3
FNH:3
end_of_record
SF:C:\Users\erosd\Desktop\ProyectoUmbral\src\Sessions.Service\Sessions.Application\Sessions\Transition\TransitionSessionCommandHandler.cs
FN:16,System.Void Sessions.Application.Sessions.Transition.TransitionSessionCommandHandler::.ctor(Sessions.Application.Common.Interfaces.ISessionRepository,Microsoft.Extensions.Logging.ILogger`1<Sessions.Application.Sessions.Transition.TransitionSessionCommandHandler>,Sessions.Application.Common.Interfaces.IEventPublisher)
FNDA:5,System.Void Sessions.Application.Sessions.Transition.TransitionSessionCommandHandler::.ctor(Sessions.Application.Common.Interfaces.ISessionRepository,Microsoft.Extensions.Logging.ILogger`1<Sessions.Application.Sessions.Transition.TransitionSessionCommandHandler>,Sessions.Application.Common.Interfaces.IEventPublisher)
DA:17,5
DA:18,5
DA:19,5
DA:20,5
DA:21,5
DA:22,5
DA:23,5
DA:24,5
DA:27,5
DA:28,5
DA:29,5
DA:30,5
DA:31,5
FN:33,System.Void Sessions.Application.Sessions.Transition.TransitionSessionCommandHandler/<Handle>d__5::MoveNext()
FNDA:5,System.Void Sessions.Application.Sessions.Transition.TransitionSessionCommandHandler/<Handle>d__5::MoveNext()
DA:34,5
DA:35,5
DA:36,5
DA:37,1
DA:38,1
DA:42,4
DA:44,4
DA:45,4
DA:47,3
DA:49,3
DA:50,3
DA:51,3
DA:53,3
DA:54,1
DA:56,1
DA:57,1
DA:58,1
DA:59,1
DA:60,1
DA:61,1
DA:62,1
DA:63,0
DA:64,0
DA:65,0
DA:66,0
DA:67,1
DA:68,3
BRDA:36,198,0,1
BRDA:36,198,1,4
BRDA:53,548,0,1
BRDA:53,548,1,3
LF:40
LH:36
BRF:4
BRH:4
FNF:2
FNH:2
end_of_record
SF:C:\Users\erosd\Desktop\ProyectoUmbral\src\Sessions.Service\Sessions.Application\Sessions\Transition\TransitionSessionCommandValidator.cs
FN:24,System.Boolean Sessions.Application.Sessions.Transition.TransitionSessionCommandValidator::BeAValidStatus(System.String)
FNDA:13,System.Boolean Sessions.Application.Sessions.Transition.TransitionSessionCommandValidator::BeAValidStatus(System.String)
DA:25,13
FN:12,System.Void Sessions.Application.Sessions.Transition.TransitionSessionCommandValidator::.ctor()
FNDA:13,System.Void Sessions.Application.Sessions.Transition.TransitionSessionCommandValidator::.ctor()
DA:13,13
DA:14,13
DA:15,13
DA:16,13
DA:18,13
DA:19,13
DA:20,13
DA:21,13
DA:22,13
FN:7,System.Void Sessions.Application.Sessions.Transition.TransitionSessionCommandValidator::.cctor()
FNDA:1,System.Void Sessions.Application.Sessions.Transition.TransitionSessionCommandValidator::.cctor()
DA:8,1
DA:9,1
DA:10,1
DA:11,1
LF:14
LH:14
BRF:0
BRH:0
FNF:3
FNH:3
end_of_record
SF:C:\Users\erosd\Desktop\ProyectoUmbral\src\Sessions.Service\Sessions.Application\Sessions\Transition\Chain\BaseStateTransitionHandler.cs
FN:13,Sessions.Application.Sessions.Transition.Chain.IStateTransitionHandler Sessions.Application.Sessions.Transition.Chain.BaseStateTransitionHandler::SetNext(Sessions.Application.Sessions.Transition.Chain.IStateTransitionHandler)
FNDA:5,Sessions.Application.Sessions.Transition.Chain.IStateTransitionHandler Sessions.Application.Sessions.Transition.Chain.BaseStateTransitionHandler::SetNext(Sessions.Application.Sessions.Transition.Chain.IStateTransitionHandler)
DA:14,5
DA:15,5
DA:16,5
DA:17,5
FN:19,System.Void Sessions.Application.Sessions.Transition.Chain.BaseStateTransitionHandler::Handle(Sessions.Domain.Entities.Session,System.String)
FNDA:8,System.Void Sessions.Application.Sessions.Transition.Chain.BaseStateTransitionHandler::Handle(Sessions.Domain.Entities.Session,System.String)
DA:20,8
DA:21,8
DA:22,8
DA:23,8
BRDA:22,17,0,4
BRDA:22,17,1,4
LF:8
LH:8
BRF:2
BRH:2
FNF:2
FNH:2
end_of_record
SF:C:\Users\erosd\Desktop\ProyectoUmbral\src\Sessions.Service\Sessions.Application\Sessions\Transition\Chain\NotTerminalHandler.cs
FN:10,System.Void Sessions.Application.Sessions.Transition.Chain.NotTerminalHandler::Validate(Sessions.Domain.Entities.Session,System.String)
FNDA:4,System.Void Sessions.Application.Sessions.Transition.Chain.NotTerminalHandler::Validate(Sessions.Domain.Entities.Session,System.String)
DA:11,4
DA:12,4
DA:13,4
DA:14,0
DA:15,0
DA:16,0
DA:18,4
BRDA:12,8,0,4
BRDA:12,8,1,0
BRDA:12,24,0,0
BRDA:12,24,1,4
LF:7
LH:4
BRF:4
BRH:2
FNF:1
FNH:1
end_of_record
SF:C:\Users\erosd\Desktop\ProyectoUmbral\src\Sessions.Service\Sessions.Application\Sessions\Transition\Chain\ValidStatusHandler.cs
FN:11,System.Void Sessions.Application.Sessions.Transition.Chain.ValidStatusHandler::Validate(Sessions.Domain.Entities.Session,System.String)
FNDA:4,System.Void Sessions.Application.Sessions.Transition.Chain.ValidStatusHandler::Validate(Sessions.Domain.Entities.Session,System.String)
DA:12,4
DA:13,4
DA:14,0
DA:15,0
DA:16,0
DA:17,0
DA:19,4
BRDA:13,15,0,0
BRDA:13,15,1,4
LF:7
LH:3
BRF:2
BRH:1
FNF:1
FNH:1
end_of_record
SF:C:\Users\erosd\Desktop\ProyectoUmbral\src\Sessions.Service\Sessions.Application\Sessions\Join\JoinSessionCommand.cs
FN:4,System.String Sessions.Application.Sessions.Join.JoinSessionCommand::get_Pin()
FNDA:11,System.String Sessions.Application.Sessions.Join.JoinSessionCommand::get_Pin()
DA:5,11
LF:1
LH:1
BRF:0
BRH:0
FNF:1
FNH:1
end_of_record
SF:C:\Users\erosd\Desktop\ProyectoUmbral\src\Sessions.Service\Sessions.Application\Sessions\Join\JoinSessionCommandHandler.cs
FN:15,System.Void Sessions.Application.Sessions.Join.JoinSessionCommandHandler::.ctor(Sessions.Application.Common.Interfaces.ISessionRepository,Microsoft.AspNetCore.Http.IHttpContextAccessor,Microsoft.Extensions.Logging.ILogger`1<Sessions.Application.Sessions.Join.JoinSessionCommandHandler>)
FNDA:5,System.Void Sessions.Application.Sessions.Join.JoinSessionCommandHandler::.ctor(Sessions.Application.Common.Interfaces.ISessionRepository,Microsoft.AspNetCore.Http.IHttpContextAccessor,Microsoft.Extensions.Logging.ILogger`1<Sessions.Application.Sessions.Join.JoinSessionCommandHandler>)
DA:16,5
DA:17,5
DA:18,5
DA:19,5
DA:20,5
DA:21,5
DA:22,5
DA:23,5
DA:24,5
FN:26,System.Void Sessions.Application.Sessions.Join.JoinSessionCommandHandler/<Handle>d__4::MoveNext()
FNDA:5,System.Void Sessions.Application.Sessions.Join.JoinSessionCommandHandler/<Handle>d__4::MoveNext()
DA:27,5
DA:28,5
DA:30,5
DA:31,1
DA:32,1
DA:35,4
DA:36,1
DA:37,1
DA:40,3
DA:41,3
DA:43,3
DA:44,0
DA:45,0
DA:48,3
DA:49,3
DA:50,3
DA:52,3
DA:53,3
DA:55,3
DA:56,3
DA:57,3
DA:59,3
DA:60,3
BRDA:30,186,0,1
BRDA:30,186,1,4
BRDA:35,242,0,1
BRDA:35,242,1,3
BRDA:40,331,0,0
BRDA:40,331,1,3
BRDA:40,353,0,3
BRDA:40,373,0,0
BRDA:40,373,1,3
BRDA:40,353,1,3
BRDA:43,405,0,3
BRDA:43,405,1,0
BRDA:43,439,0,0
BRDA:43,439,1,3
BRDA:48,471,0,0
BRDA:48,471,1,3
BRDA:48,493,0,3
BRDA:48,493,1,0
BRDA:48,505,0,3
BRDA:48,525,0,0
BRDA:48,525,1,3
BRDA:48,547,0,3
BRDA:48,547,1,0
BRDA:48,559,0,3
BRDA:48,579,0,0
BRDA:48,579,1,3
BRDA:48,601,0,3
BRDA:48,601,1,0
BRDA:48,505,1,3
BRDA:48,559,1,3
LF:32
LH:30
BRF:30
BRH:20
FNF:2
FNH:2
end_of_record
SF:C:\Users\erosd\Desktop\ProyectoUmbral\src\Sessions.Service\Sessions.Application\Sessions\Join\JoinSessionCommandResult.cs
FN:2,System.Guid Sessions.Application.Sessions.Join.JoinSessionCommandResult::get_SessionId()
FNDA:7,System.Guid Sessions.Application.Sessions.Join.JoinSessionCommandResult::get_SessionId()
DA:3,7
LF:1
LH:1
BRF:0
BRH:0
FNF:1
FNH:1
end_of_record
SF:C:\Users\erosd\Desktop\ProyectoUmbral\src\Sessions.Service\Sessions.Application\Sessions\Create\CreateSessionCommand.cs
FN:6,System.String Sessions.Application.Sessions.Create.CreateSessionCommand::get_Name()
FNDA:15,System.String Sessions.Application.Sessions.Create.CreateSessionCommand::get_Name()
DA:7,15
FN:7,System.Guid Sessions.Application.Sessions.Create.CreateSessionCommand::get_MissionId()
FNDA:12,System.Guid Sessions.Application.Sessions.Create.CreateSessionCommand::get_MissionId()
DA:8,12
FN:8,System.String Sessions.Application.Sessions.Create.CreateSessionCommand::get_MissionTitle()
FNDA:15,System.String Sessions.Application.Sessions.Create.CreateSessionCommand::get_MissionTitle()
DA:9,15
FN:5,System.Void Sessions.Application.Sessions.Create.CreateSessionCommand::.ctor(System.String,System.Guid,System.String)
FNDA:12,System.Void Sessions.Application.Sessions.Create.CreateSessionCommand::.ctor(System.String,System.Guid,System.String)
DA:6,12
LF:4
LH:4
BRF:0
BRH:0
FNF:4
FNH:4
end_of_record
SF:C:\Users\erosd\Desktop\ProyectoUmbral\src\Sessions.Service\Sessions.Application\Sessions\Create\CreateSessionCommandHandler.cs
FN:58,System.String Sessions.Application.Sessions.Create.CreateSessionCommandHandler::GeneratePin()
FNDA:22,System.String Sessions.Application.Sessions.Create.CreateSessionCommandHandler::GeneratePin()
DA:59,22
FN:14,System.Void Sessions.Application.Sessions.Create.CreateSessionCommandHandler::.ctor(Sessions.Application.Common.Interfaces.ISessionRepository,Microsoft.Extensions.Logging.ILogger`1<Sessions.Application.Sessions.Create.CreateSessionCommandHandler>)
FNDA:4,System.Void Sessions.Application.Sessions.Create.CreateSessionCommandHandler::.ctor(Sessions.Application.Common.Interfaces.ISessionRepository,Microsoft.Extensions.Logging.ILogger`1<Sessions.Application.Sessions.Create.CreateSessionCommandHandler>)
DA:15,4
DA:16,4
DA:17,4
DA:18,4
DA:19,4
DA:20,4
DA:21,4
FN:61,System.Void Sessions.Application.Sessions.Create.CreateSessionCommandHandler/<GenerateUniquePinAsync>d__5::MoveNext()
FNDA:4,System.Void Sessions.Application.Sessions.Create.CreateSessionCommandHandler/<GenerateUniquePinAsync>d__5::MoveNext()
DA:62,4
DA:63,46
DA:64,22
DA:65,22
DA:66,22
DA:67,3
DA:68,19
DA:69,1
DA:70,1
DA:71,3
BRDA:63,222,1,22
BRDA:66,171,0,3
BRDA:66,171,1,19
BRDA:63,222,0,1
FN:25,System.Void Sessions.Application.Sessions.Create.CreateSessionCommandHandler/<Handle>d__3::MoveNext()
FNDA:4,System.Void Sessions.Application.Sessions.Create.CreateSessionCommandHandler/<Handle>d__3::MoveNext()
DA:26,4
DA:27,4
DA:28,4
DA:29,0
DA:30,0
DA:33,4
DA:35,3
DA:36,3
DA:37,3
DA:38,3
DA:39,3
DA:41,3
DA:43,3
DA:44,3
DA:45,3
DA:47,3
DA:48,3
DA:49,3
DA:50,3
DA:51,3
DA:52,3
DA:53,3
DA:54,3
DA:55,3
DA:56,3
BRDA:28,200,0,0
BRDA:28,200,1,4
LF:43
LH:41
BRF:6
BRH:5
FNF:4
FNH:4
end_of_record
SF:C:\Users\erosd\Desktop\ProyectoUmbral\src\Sessions.Service\Sessions.Application\Sessions\Create\CreateSessionCommandResult.cs
FN:5,System.Guid Sessions.Application.Sessions.Create.CreateSessionCommandResult::get_Id()
FNDA:0,System.Guid Sessions.Application.Sessions.Create.CreateSessionCommandResult::get_Id()
DA:6,0
FN:6,System.String Sessions.Application.Sessions.Create.CreateSessionCommandResult::get_Name()
FNDA:1,System.String Sessions.Application.Sessions.Create.CreateSessionCommandResult::get_Name()
DA:7,1
FN:7,System.Guid Sessions.Application.Sessions.Create.CreateSessionCommandResult::get_MissionId()
FNDA:1,System.Guid Sessions.Application.Sessions.Create.CreateSessionCommandResult::get_MissionId()
DA:8,1
FN:8,System.String Sessions.Application.Sessions.Create.CreateSessionCommandResult::get_Pin()
FNDA:3,System.String Sessions.Application.Sessions.Create.CreateSessionCommandResult::get_Pin()
DA:9,3
FN:9,System.String Sessions.Application.Sessions.Create.CreateSessionCommandResult::get_Status()
FNDA:1,System.String Sessions.Application.Sessions.Create.CreateSessionCommandResult::get_Status()
DA:10,1
FN:10,System.Nullable`1<System.DateTime> Sessions.Application.Sessions.Create.CreateSessionCommandResult::get_StartedAt()
FNDA:1,System.Nullable`1<System.DateTime> Sessions.Application.Sessions.Create.CreateSessionCommandResult::get_StartedAt()
DA:11,1
FN:11,System.Nullable`1<System.DateTime> Sessions.Application.Sessions.Create.CreateSessionCommandResult::get_EndedAt()
FNDA:1,System.Nullable`1<System.DateTime> Sessions.Application.Sessions.Create.CreateSessionCommandResult::get_EndedAt()
DA:12,1
FN:12,System.DateTime Sessions.Application.Sessions.Create.CreateSessionCommandResult::get_CreatedAt()
FNDA:4,System.DateTime Sessions.Application.Sessions.Create.CreateSessionCommandResult::get_CreatedAt()
DA:13,4
FN:4,System.Void Sessions.Application.Sessions.Create.CreateSessionCommandResult::.ctor(System.Guid,System.String,System.Guid,System.String,System.String,System.Nullable`1<System.DateTime>,System.Nullable`1<System.DateTime>,System.DateTime)
FNDA:3,System.Void Sessions.Application.Sessions.Create.CreateSessionCommandResult::.ctor(System.Guid,System.String,System.Guid,System.String,System.String,System.Nullable`1<System.DateTime>,System.Nullable`1<System.DateTime>,System.DateTime)
DA:5,3
LF:9
LH:8
BRF:0
BRH:0
FNF:9
FNH:8
end_of_record
SF:C:\Users\erosd\Desktop\ProyectoUmbral\src\Sessions.Service\Sessions.Application\Sessions\Create\CreateSessionCommandValidator.cs
FN:7,System.Void Sessions.Application.Sessions.Create.CreateSessionCommandValidator::.ctor()
FNDA:8,System.Void Sessions.Application.Sessions.Create.CreateSessionCommandValidator::.ctor()
DA:8,8
DA:9,8
DA:10,8
DA:11,8
DA:12,8
DA:14,8
DA:15,8
DA:16,8
DA:17,8
LF:9
LH:9
BRF:0
BRH:0
FNF:1
FNH:1
end_of_record
SF:C:\Users\erosd\Desktop\ProyectoUmbral\src\Sessions.Service\Sessions.Application\Sessions\Consult\GetSessionProgressQueryHandler.cs
FN:6,System.Guid Sessions.Application.Sessions.Consult.GetSessionProgressQuery::get_SessionId()
FNDA:0,System.Guid Sessions.Application.Sessions.Consult.GetSessionProgressQuery::get_SessionId()
DA:7,0
FN:12,System.Void Sessions.Application.Sessions.Consult.GetSessionProgressQueryHandler::.ctor(Sessions.Application.Common.Interfaces.ISessionRepository)
FNDA:0,System.Void Sessions.Application.Sessions.Consult.GetSessionProgressQueryHandler::.ctor(Sessions.Application.Common.Interfaces.ISessionRepository)
DA:13,0
DA:14,0
DA:15,0
DA:16,0
FN:34,Sessions.Application.Sessions.Consult.ParticipantProgressDto Sessions.Application.Sessions.Consult.GetSessionProgressQueryHandler/<>c::<Handle>b__2_0(Sessions.Domain.Entities.SessionParticipant)
FNDA:0,Sessions.Application.Sessions.Consult.ParticipantProgressDto Sessions.Application.Sessions.Consult.GetSessionProgressQueryHandler/<>c::<Handle>b__2_0(Sessions.Domain.Entities.SessionParticipant)
DA:35,0
FN:18,System.Void Sessions.Application.Sessions.Consult.GetSessionProgressQueryHandler/<Handle>d__2::MoveNext()
FNDA:0,System.Void Sessions.Application.Sessions.Consult.GetSessionProgressQueryHandler/<Handle>d__2::MoveNext()
DA:19,0
DA:20,0
DA:21,0
DA:22,0
DA:23,0
DA:26,0
DA:27,0
DA:28,0
DA:30,0
DA:31,0
DA:32,0
DA:33,0
DA:34,0
DA:36,0
BRDA:21,175,0,0
BRDA:21,175,1,0
BRDA:26,206,0,0
BRDA:26,206,1,0
BRDA:26,231,0,0
BRDA:26,231,1,0
LF:20
LH:0
BRF:6
BRH:0
FNF:4
FNH:0
end_of_record
SF:C:\Users\erosd\Desktop\ProyectoUmbral\src\Sessions.Service\Sessions.Application\Sessions\Consult\GetSessionsQuery.cs
FN:5,System.String Sessions.Application.Sessions.Consult.GetSessionsQuery::get_Search()
FNDA:8,System.String Sessions.Application.Sessions.Consult.GetSessionsQuery::get_Search()
DA:6,8
FN:6,System.String Sessions.Application.Sessions.Consult.GetSessionsQuery::get_Status()
FNDA:8,System.String Sessions.Application.Sessions.Consult.GetSessionsQuery::get_Status()
DA:7,8
FN:7,System.Nullable`1<System.Guid> Sessions.Application.Sessions.Consult.GetSessionsQuery::get_MissionId()
FNDA:8,System.Nullable`1<System.Guid> Sessions.Application.Sessions.Consult.GetSessionsQuery::get_MissionId()
DA:8,8
FN:8,System.Int32 Sessions.Application.Sessions.Consult.GetSessionsQuery::get_Page()
FNDA:25,System.Int32 Sessions.Application.Sessions.Consult.GetSessionsQuery::get_Page()
DA:9,25
FN:9,System.Int32 Sessions.Application.Sessions.Consult.GetSessionsQuery::get_PageSize()
FNDA:25,System.Int32 Sessions.Application.Sessions.Consult.GetSessionsQuery::get_PageSize()
DA:10,25
FN:4,System.Void Sessions.Application.Sessions.Consult.GetSessionsQuery::.ctor(System.String,System.String,System.Nullable`1<System.Guid>,System.Int32,System.Int32)
FNDA:8,System.Void Sessions.Application.Sessions.Consult.GetSessionsQuery::.ctor(System.String,System.String,System.Nullable`1<System.Guid>,System.Int32,System.Int32)
DA:5,8
DA:11,8
LF:7
LH:7
BRF:0
BRH:0
FNF:6
FNH:6
end_of_record
SF:C:\Users\erosd\Desktop\ProyectoUmbral\src\Sessions.Service\Sessions.Application\Sessions\Consult\GetSessionsQueryHandler.cs
FN:9,System.Void Sessions.Application.Sessions.Consult.GetSessionsQueryHandler::.ctor(Sessions.Application.Common.Interfaces.ISessionRepository)
FNDA:8,System.Void Sessions.Application.Sessions.Consult.GetSessionsQueryHandler::.ctor(Sessions.Application.Common.Interfaces.ISessionRepository)
DA:10,8
DA:11,8
DA:12,8
DA:13,8
FN:27,Sessions.Application.Sessions.Consult.SessionListItemDto Sessions.Application.Sessions.Consult.GetSessionsQueryHandler/<>c::<Handle>b__2_0(Sessions.Domain.Entities.Session)
FNDA:20,Sessions.Application.Sessions.Consult.SessionListItemDto Sessions.Application.Sessions.Consult.GetSessionsQueryHandler/<>c::<Handle>b__2_0(Sessions.Domain.Entities.Session)
DA:28,20
DA:29,20
DA:30,20
DA:31,20
DA:32,20
DA:33,20
DA:34,20
DA:35,20
DA:36,20
DA:37,20
DA:38,20
DA:39,20
FN:15,System.Void Sessions.Application.Sessions.Consult.GetSessionsQueryHandler/<Handle>d__2::MoveNext()
FNDA:8,System.Void Sessions.Application.Sessions.Consult.GetSessionsQueryHandler/<Handle>d__2::MoveNext()
DA:16,8
DA:17,9
DA:18,9
DA:20,8
DA:21,8
DA:22,8
DA:23,8
DA:24,8
DA:25,8
DA:26,8
DA:41,8
DA:42,8
BRDA:17,34,0,1
BRDA:17,34,1,8
BRDA:18,77,0,1
BRDA:18,77,1,8
LF:28
LH:28
BRF:4
BRH:4
FNF:3
FNH:3
end_of_record
SF:C:\Users\erosd\Desktop\ProyectoUmbral\src\Sessions.Service\Sessions.Application\Sessions\Consult\GetSessionsResult.cs
FN:3,System.Collections.Generic.IReadOnlyList`1<Sessions.Application.Sessions.Consult.SessionListItemDto> Sessions.Application.Sessions.Consult.GetSessionsResult::get_Items()
FNDA:9,System.Collections.Generic.IReadOnlyList`1<Sessions.Application.Sessions.Consult.SessionListItemDto> Sessions.Application.Sessions.Consult.GetSessionsResult::get_Items()
DA:4,9
FN:4,System.Int32 Sessions.Application.Sessions.Consult.GetSessionsResult::get_TotalCount()
FNDA:3,System.Int32 Sessions.Application.Sessions.Consult.GetSessionsResult::get_TotalCount()
DA:5,3
FN:5,System.Int32 Sessions.Application.Sessions.Consult.GetSessionsResult::get_Page()
FNDA:3,System.Int32 Sessions.Application.Sessions.Consult.GetSessionsResult::get_Page()
DA:6,3
FN:6,System.Int32 Sessions.Application.Sessions.Consult.GetSessionsResult::get_PageSize()
FNDA:3,System.Int32 Sessions.Application.Sessions.Consult.GetSessionsResult::get_PageSize()
DA:7,3
FN:2,System.Void Sessions.Application.Sessions.Consult.GetSessionsResult::.ctor(System.Collections.Generic.IReadOnlyList`1<Sessions.Application.Sessions.Consult.SessionListItemDto>,System.Int32,System.Int32,System.Int32)
FNDA:8,System.Void Sessions.Application.Sessions.Consult.GetSessionsResult::.ctor(System.Collections.Generic.IReadOnlyList`1<Sessions.Application.Sessions.Consult.SessionListItemDto>,System.Int32,System.Int32,System.Int32)
DA:3,8
DA:8,8
LF:6
LH:6
BRF:0
BRH:0
FNF:5
FNH:5
end_of_record
SF:C:\Users\erosd\Desktop\ProyectoUmbral\src\Sessions.Service\Sessions.Application\Sessions\Consult\SessionListItemDto.cs
FN:3,System.Guid Sessions.Application.Sessions.Consult.SessionListItemDto::get_Id()
FNDA:0,System.Guid Sessions.Application.Sessions.Consult.SessionListItemDto::get_Id()
DA:4,0
FN:4,System.String Sessions.Application.Sessions.Consult.SessionListItemDto::get_Name()
FNDA:1,System.String Sessions.Application.Sessions.Consult.SessionListItemDto::get_Name()
DA:5,1
FN:5,System.Guid Sessions.Application.Sessions.Consult.SessionListItemDto::get_MissionId()
FNDA:1,System.Guid Sessions.Application.Sessions.Consult.SessionListItemDto::get_MissionId()
DA:6,1
FN:6,System.String Sessions.Application.Sessions.Consult.SessionListItemDto::get_MissionTitle()
FNDA:0,System.String Sessions.Application.Sessions.Consult.SessionListItemDto::get_MissionTitle()
DA:7,0
FN:7,System.String Sessions.Application.Sessions.Consult.SessionListItemDto::get_Pin()
FNDA:0,System.String Sessions.Application.Sessions.Consult.SessionListItemDto::get_Pin()
DA:8,0
FN:8,System.Int32 Sessions.Application.Sessions.Consult.SessionListItemDto::get_ParticipantCount()
FNDA:0,System.Int32 Sessions.Application.Sessions.Consult.SessionListItemDto::get_ParticipantCount()
DA:9,0
FN:9,System.String Sessions.Application.Sessions.Consult.SessionListItemDto::get_Status()
FNDA:1,System.String Sessions.Application.Sessions.Consult.SessionListItemDto::get_Status()
DA:10,1
FN:10,System.Nullable`1<System.DateTime> Sessions.Application.Sessions.Consult.SessionListItemDto::get_StartedAt()
FNDA:0,System.Nullable`1<System.DateTime> Sessions.Application.Sessions.Consult.SessionListItemDto::get_StartedAt()
DA:11,0
FN:11,System.Nullable`1<System.DateTime> Sessions.Application.Sessions.Consult.SessionListItemDto::get_EndedAt()
FNDA:0,System.Nullable`1<System.DateTime> Sessions.Application.Sessions.Consult.SessionListItemDto::get_EndedAt()
DA:12,0
FN:12,System.DateTime Sessions.Application.Sessions.Consult.SessionListItemDto::get_CreatedAt()
FNDA:0,System.DateTime Sessions.Application.Sessions.Consult.SessionListItemDto::get_CreatedAt()
DA:13,0
FN:2,System.Void Sessions.Application.Sessions.Consult.SessionListItemDto::.ctor(System.Guid,System.String,System.Guid,System.String,System.String,System.Int32,System.String,System.Nullable`1<System.DateTime>,System.Nullable`1<System.DateTime>,System.DateTime)
FNDA:12,System.Void Sessions.Application.Sessions.Consult.SessionListItemDto::.ctor(System.Guid,System.String,System.Guid,System.String,System.String,System.Int32,System.String,System.Nullable`1<System.DateTime>,System.Nullable`1<System.DateTime>,System.DateTime)
DA:3,12
DA:14,12
LF:12
LH:5
BRF:0
BRH:0
FNF:11
FNH:4
end_of_record
SF:C:\Users\erosd\Desktop\ProyectoUmbral\src\Sessions.Service\Sessions.Application\Sessions\Consult\SessionProgressDto.cs
FN:3,System.Guid Sessions.Application.Sessions.Consult.SessionProgressDto::get_SessionId()
FNDA:0,System.Guid Sessions.Application.Sessions.Consult.SessionProgressDto::get_SessionId()
DA:4,0
FN:4,System.String Sessions.Application.Sessions.Consult.SessionProgressDto::get_Name()
FNDA:0,System.String Sessions.Application.Sessions.Consult.SessionProgressDto::get_Name()
DA:5,0
FN:5,System.String Sessions.Application.Sessions.Consult.SessionProgressDto::get_Status()
FNDA:0,System.String Sessions.Application.Sessions.Consult.SessionProgressDto::get_Status()
DA:6,0
FN:6,System.Int32 Sessions.Application.Sessions.Consult.SessionProgressDto::get_ElapsedSeconds()
FNDA:0,System.Int32 Sessions.Application.Sessions.Consult.SessionProgressDto::get_ElapsedSeconds()
DA:7,0
FN:7,System.Collections.Generic.IReadOnlyList`1<Sessions.Application.Sessions.Consult.ParticipantProgressDto> Sessions.Application.Sessions.Consult.SessionProgressDto::get_Participants()
FNDA:0,System.Collections.Generic.IReadOnlyList`1<Sessions.Application.Sessions.Consult.ParticipantProgressDto> Sessions.Application.Sessions.Consult.SessionProgressDto::get_Participants()
DA:8,0
FN:2,System.Void Sessions.Application.Sessions.Consult.SessionProgressDto::.ctor(System.Guid,System.String,System.String,System.Int32,System.Collections.Generic.IReadOnlyList`1<Sessions.Application.Sessions.Consult.ParticipantProgressDto>)
FNDA:0,System.Void Sessions.Application.Sessions.Consult.SessionProgressDto::.ctor(System.Guid,System.String,System.String,System.Int32,System.Collections.Generic.IReadOnlyList`1<Sessions.Application.Sessions.Consult.ParticipantProgressDto>)
DA:3,0
FN:10,System.Guid Sessions.Application.Sessions.Consult.ParticipantProgressDto::get_UserId()
FNDA:0,System.Guid Sessions.Application.Sessions.Consult.ParticipantProgressDto::get_UserId()
DA:11,0
FN:11,System.String Sessions.Application.Sessions.Consult.ParticipantProgressDto::get_UserAlias()
FNDA:0,System.String Sessions.Application.Sessions.Consult.ParticipantProgressDto::get_UserAlias()
DA:12,0
FN:12,System.DateTime Sessions.Application.Sessions.Consult.ParticipantProgressDto::get_JoinedAt()
FNDA:0,System.DateTime Sessions.Application.Sessions.Consult.ParticipantProgressDto::get_JoinedAt()
DA:13,0
FN:9,System.Void Sessions.Application.Sessions.Consult.ParticipantProgressDto::.ctor(System.Guid,System.String,System.DateTime)
FNDA:0,System.Void Sessions.Application.Sessions.Consult.ParticipantProgressDto::.ctor(System.Guid,System.String,System.DateTime)
DA:10,0
LF:10
LH:0
BRF:0
BRH:0
FNF:10
FNH:0
end_of_record
SF:C:\Users\erosd\Desktop\ProyectoUmbral\src\Sessions.Service\Sessions.Application\Sessions\Clues\ReleaseClueCommand.cs
FN:5,System.Guid Sessions.Application.Sessions.Clues.ReleaseClueCommand::get_SessionId()
FNDA:0,System.Guid Sessions.Application.Sessions.Clues.ReleaseClueCommand::get_SessionId()
DA:6,0
FN:9,System.Void Sessions.Application.Sessions.Clues.ReleaseClueCommandValidator::.ctor()
FNDA:0,System.Void Sessions.Application.Sessions.Clues.ReleaseClueCommandValidator::.ctor()
DA:10,0
DA:11,0
DA:12,0
DA:13,0
DA:14,0
LF:6
LH:0
BRF:0
BRH:0
FNF:2
FNH:0
end_of_record
SF:C:\Users\erosd\Desktop\ProyectoUmbral\src\Sessions.Service\Sessions.Application\Sessions\Clues\ReleaseClueCommandHandler.cs
FN:9,System.Void Sessions.Application.Sessions.Clues.ReleaseClueCommandHandler::.ctor(Sessions.Application.Common.Interfaces.IGameNotifier)
FNDA:0,System.Void Sessions.Application.Sessions.Clues.ReleaseClueCommandHandler::.ctor(Sessions.Application.Common.Interfaces.IGameNotifier)
DA:10,0
DA:11,0
DA:12,0
DA:13,0
FN:15,System.Void Sessions.Application.Sessions.Clues.ReleaseClueCommandHandler/<Handle>d__2::MoveNext()
FNDA:0,System.Void Sessions.Application.Sessions.Clues.ReleaseClueCommandHandler/<Handle>d__2::MoveNext()
DA:16,0
DA:19,0
DA:20,0
DA:21,0
DA:22,0
DA:23,0
DA:25,0
DA:26,0
LF:12
LH:0
BRF:0
BRH:0
FNF:2
FNH:0
end_of_record
SF:C:\Users\erosd\Desktop\ProyectoUmbral\src\Sessions.Service\Sessions.Application\Common\Behaviors\ValidationBehavior.cs
FN:10,System.Void Sessions.Application.Common.Behaviors.ValidationBehavior`2::.ctor(System.Collections.Generic.IEnumerable`1<FluentValidation.IValidator`1<TRequest>>)
FNDA:0,System.Void Sessions.Application.Common.Behaviors.ValidationBehavior`2::.ctor(System.Collections.Generic.IEnumerable`1<FluentValidation.IValidator`1<TRequest>>)
DA:11,0
DA:12,0
DA:13,0
DA:14,0
FN:26,System.Collections.Generic.IEnumerable`1<FluentValidation.Results.ValidationFailure> Sessions.Application.Common.Behaviors.ValidationBehavior`2/<>c::<Handle>b__2_1(FluentValidation.Results.ValidationResult)
FNDA:0,System.Collections.Generic.IEnumerable`1<FluentValidation.Results.ValidationFailure> Sessions.Application.Common.Behaviors.ValidationBehavior`2/<>c::<Handle>b__2_1(FluentValidation.Results.ValidationResult)
DA:27,0
FN:27,System.Boolean Sessions.Application.Common.Behaviors.ValidationBehavior`2/<>c::<Handle>b__2_2(FluentValidation.Results.ValidationFailure)
FNDA:0,System.Boolean Sessions.Application.Common.Behaviors.ValidationBehavior`2/<>c::<Handle>b__2_2(FluentValidation.Results.ValidationFailure)
DA:28,0
FN:25,FluentValidation.Results.ValidationResult Sessions.Application.Common.Behaviors.ValidationBehavior`2/<>c__DisplayClass2_0::<Handle>b__0(FluentValidation.IValidator`1<TRequest>)
FNDA:0,FluentValidation.Results.ValidationResult Sessions.Application.Common.Behaviors.ValidationBehavior`2/<>c__DisplayClass2_0::<Handle>b__0(FluentValidation.IValidator`1<TRequest>)
DA:26,0
FN:19,System.Void Sessions.Application.Common.Behaviors.ValidationBehavior`2/<Handle>d__2::MoveNext()
FNDA:0,System.Void Sessions.Application.Common.Behaviors.ValidationBehavior`2/<Handle>d__2::MoveNext()
DA:20,0
DA:21,0
DA:22,0
DA:24,0
DA:25,0
DA:29,0
DA:31,0
DA:32,0
DA:34,0
DA:35,0
BRDA:21,58,0,0
BRDA:21,58,1,0
BRDA:25,254,0,0
BRDA:25,254,1,0
BRDA:25,290,0,0
BRDA:25,290,1,0
BRDA:31,348,0,0
BRDA:31,348,1,0
LF:17
LH:0
BRF:8
BRH:0
FNF:5
FNH:0
end_of_record
SF:C:\Users\erosd\Desktop\ProyectoUmbral\src\Sessions.Service\Sessions.Domain\States\ActiveState.cs
FN:7,Sessions.Domain.Enums.SessionStatus Sessions.Domain.States.ActiveState::get_Status()
FNDA:1,Sessions.Domain.Enums.SessionStatus Sessions.Domain.States.ActiveState::get_Status()
DA:8,1
FN:16,System.Boolean Sessions.Domain.States.ActiveState::CanTransitionTo(Sessions.Domain.Enums.SessionStatus)
FNDA:1,System.Boolean Sessions.Domain.States.ActiveState::CanTransitionTo(Sessions.Domain.Enums.SessionStatus)
DA:17,1
FN:19,System.Void Sessions.Domain.States.ActiveState::OnEnter(Sessions.Domain.Entities.Session)
FNDA:2,System.Void Sessions.Domain.States.ActiveState::OnEnter(Sessions.Domain.Entities.Session)
DA:20,2
DA:21,2
DA:22,2
DA:23,2
BRDA:21,20,0,2
BRDA:21,20,1,0
FN:24,System.Void Sessions.Domain.States.ActiveState::OnExit(Sessions.Domain.Entities.Session)
FNDA:2,System.Void Sessions.Domain.States.ActiveState::OnExit(Sessions.Domain.Entities.Session)
DA:25,2
FN:9,System.Void Sessions.Domain.States.ActiveState::.cctor()
FNDA:1,System.Void Sessions.Domain.States.ActiveState::.cctor()
DA:10,1
DA:11,1
DA:12,1
DA:13,1
DA:14,1
DA:15,1
LF:13
LH:13
BRF:2
BRH:1
FNF:5
FNH:5
end_of_record
SF:C:\Users\erosd\Desktop\ProyectoUmbral\src\Sessions.Service\Sessions.Domain\States\CancelledState.cs
FN:7,Sessions.Domain.Enums.SessionStatus Sessions.Domain.States.CancelledState::get_Status()
FNDA:0,Sessions.Domain.Enums.SessionStatus Sessions.Domain.States.CancelledState::get_Status()
DA:8,0
FN:11,System.Boolean Sessions.Domain.States.CancelledState::CanTransitionTo(Sessions.Domain.Enums.SessionStatus)
FNDA:0,System.Boolean Sessions.Domain.States.CancelledState::CanTransitionTo(Sessions.Domain.Enums.SessionStatus)
DA:12,0
FN:14,System.Void Sessions.Domain.States.CancelledState::OnEnter(Sessions.Domain.Entities.Session)
FNDA:0,System.Void Sessions.Domain.States.CancelledState::OnEnter(Sessions.Domain.Entities.Session)
DA:15,0
DA:16,0
DA:17,0
FN:18,System.Void Sessions.Domain.States.CancelledState::OnExit(Sessions.Domain.Entities.Session)
FNDA:0,System.Void Sessions.Domain.States.CancelledState::OnExit(Sessions.Domain.Entities.Session)
DA:19,0
FN:9,System.Void Sessions.Domain.States.CancelledState::.cctor()
FNDA:0,System.Void Sessions.Domain.States.CancelledState::.cctor()
DA:10,0
LF:7
LH:0
BRF:0
BRH:0
FNF:5
FNH:0
end_of_record
SF:C:\Users\erosd\Desktop\ProyectoUmbral\src\Sessions.Service\Sessions.Domain\States\FinishedState.cs
FN:7,Sessions.Domain.Enums.SessionStatus Sessions.Domain.States.FinishedState::get_Status()
FNDA:0,Sessions.Domain.Enums.SessionStatus Sessions.Domain.States.FinishedState::get_Status()
DA:8,0
FN:11,System.Boolean Sessions.Domain.States.FinishedState::CanTransitionTo(Sessions.Domain.Enums.SessionStatus)
FNDA:0,System.Boolean Sessions.Domain.States.FinishedState::CanTransitionTo(Sessions.Domain.Enums.SessionStatus)
DA:12,0
FN:14,System.Void Sessions.Domain.States.FinishedState::OnEnter(Sessions.Domain.Entities.Session)
FNDA:1,System.Void Sessions.Domain.States.FinishedState::OnEnter(Sessions.Domain.Entities.Session)
DA:15,1
DA:16,1
DA:17,1
FN:18,System.Void Sessions.Domain.States.FinishedState::OnExit(Sessions.Domain.Entities.Session)
FNDA:0,System.Void Sessions.Domain.States.FinishedState::OnExit(Sessions.Domain.Entities.Session)
DA:19,0
FN:9,System.Void Sessions.Domain.States.FinishedState::.cctor()
FNDA:0,System.Void Sessions.Domain.States.FinishedState::.cctor()
DA:10,0
LF:7
LH:3
BRF:0
BRH:0
FNF:5
FNH:1
end_of_record
SF:C:\Users\erosd\Desktop\ProyectoUmbral\src\Sessions.Service\Sessions.Domain\States\PausedState.cs
FN:7,Sessions.Domain.Enums.SessionStatus Sessions.Domain.States.PausedState::get_Status()
FNDA:0,Sessions.Domain.Enums.SessionStatus Sessions.Domain.States.PausedState::get_Status()
DA:8,0
FN:16,System.Boolean Sessions.Domain.States.PausedState::CanTransitionTo(Sessions.Domain.Enums.SessionStatus)
FNDA:0,System.Boolean Sessions.Domain.States.PausedState::CanTransitionTo(Sessions.Domain.Enums.SessionStatus)
DA:17,0
FN:18,System.Void Sessions.Domain.States.PausedState::OnEnter(Sessions.Domain.Entities.Session)
FNDA:0,System.Void Sessions.Domain.States.PausedState::OnEnter(Sessions.Domain.Entities.Session)
DA:19,0
FN:19,System.Void Sessions.Domain.States.PausedState::OnExit(Sessions.Domain.Entities.Session)
FNDA:0,System.Void Sessions.Domain.States.PausedState::OnExit(Sessions.Domain.Entities.Session)
DA:20,0
FN:9,System.Void Sessions.Domain.States.PausedState::.cctor()
FNDA:0,System.Void Sessions.Domain.States.PausedState::.cctor()
DA:10,0
DA:11,0
DA:12,0
DA:13,0
DA:14,0
DA:15,0
LF:10
LH:0
BRF:0
BRH:0
FNF:5
FNH:0
end_of_record
SF:C:\Users\erosd\Desktop\ProyectoUmbral\src\Sessions.Service\Sessions.Domain\States\PreparingState.cs
FN:7,Sessions.Domain.Enums.SessionStatus Sessions.Domain.States.PreparingState::get_Status()
FNDA:2,Sessions.Domain.Enums.SessionStatus Sessions.Domain.States.PreparingState::get_Status()
DA:8,2
FN:15,System.Boolean Sessions.Domain.States.PreparingState::CanTransitionTo(Sessions.Domain.Enums.SessionStatus)
FNDA:2,System.Boolean Sessions.Domain.States.PreparingState::CanTransitionTo(Sessions.Domain.Enums.SessionStatus)
DA:16,2
FN:17,System.Void Sessions.Domain.States.PreparingState::OnEnter(Sessions.Domain.Entities.Session)
FNDA:0,System.Void Sessions.Domain.States.PreparingState::OnEnter(Sessions.Domain.Entities.Session)
DA:18,0
FN:18,System.Void Sessions.Domain.States.PreparingState::OnExit(Sessions.Domain.Entities.Session)
FNDA:4,System.Void Sessions.Domain.States.PreparingState::OnExit(Sessions.Domain.Entities.Session)
DA:19,4
FN:9,System.Void Sessions.Domain.States.PreparingState::.cctor()
FNDA:1,System.Void Sessions.Domain.States.PreparingState::.cctor()
DA:10,1
DA:11,1
DA:12,1
DA:13,1
DA:14,1
LF:9
LH:8
BRF:0
BRH:0
FNF:5
FNH:4
end_of_record
SF:C:\Users\erosd\Desktop\ProyectoUmbral\src\Sessions.Service\Sessions.Domain\States\ScheduledState.cs
FN:7,Sessions.Domain.Enums.SessionStatus Sessions.Domain.States.ScheduledState::get_Status()
FNDA:2,Sessions.Domain.Enums.SessionStatus Sessions.Domain.States.ScheduledState::get_Status()
DA:8,2
FN:15,System.Boolean Sessions.Domain.States.ScheduledState::CanTransitionTo(Sessions.Domain.Enums.SessionStatus)
FNDA:1,System.Boolean Sessions.Domain.States.ScheduledState::CanTransitionTo(Sessions.Domain.Enums.SessionStatus)
DA:16,1
FN:17,System.Void Sessions.Domain.States.ScheduledState::OnEnter(Sessions.Domain.Entities.Session)
FNDA:0,System.Void Sessions.Domain.States.ScheduledState::OnEnter(Sessions.Domain.Entities.Session)
DA:18,0
FN:18,System.Void Sessions.Domain.States.ScheduledState::OnExit(Sessions.Domain.Entities.Session)
FNDA:0,System.Void Sessions.Domain.States.ScheduledState::OnExit(Sessions.Domain.Entities.Session)
DA:19,0
FN:9,System.Void Sessions.Domain.States.ScheduledState::.cctor()
FNDA:1,System.Void Sessions.Domain.States.ScheduledState::.cctor()
DA:10,1
DA:11,1
DA:12,1
DA:13,1
DA:14,1
LF:9
LH:7
BRF:0
BRH:0
FNF:5
FNH:3
end_of_record
SF:C:\Users\erosd\Desktop\ProyectoUmbral\src\Sessions.Service\Sessions.Domain\States\StateFactory.cs
FN:16,Sessions.Domain.States.ISessionState Sessions.Domain.States.StateFactory::Create(Sessions.Domain.Enums.SessionStatus)
FNDA:35,Sessions.Domain.States.ISessionState Sessions.Domain.States.StateFactory::Create(Sessions.Domain.Enums.SessionStatus)
DA:17,35
FN:6,System.Void Sessions.Domain.States.StateFactory::.cctor()
FNDA:1,System.Void Sessions.Domain.States.StateFactory::.cctor()
DA:7,1
DA:8,1
DA:9,1
DA:10,1
DA:11,1
DA:12,1
DA:13,1
DA:14,1
DA:15,1
LF:10
LH:10
BRF:0
BRH:0
FNF:2
FNH:2
end_of_record
SF:C:\Users\erosd\Desktop\ProyectoUmbral\src\Sessions.Service\Sessions.Domain\Entities\Session.cs
FN:8,System.Guid Sessions.Domain.Entities.Session::get_Id()
FNDA:65,System.Guid Sessions.Domain.Entities.Session::get_Id()
DA:9,65
FN:9,System.String Sessions.Domain.Entities.Session::get_Name()
FNDA:64,System.String Sessions.Domain.Entities.Session::get_Name()
DA:10,64
FN:10,System.Guid Sessions.Domain.Entities.Session::get_MissionId()
FNDA:38,System.Guid Sessions.Domain.Entities.Session::get_MissionId()
DA:11,38
FN:11,System.String Sessions.Domain.Entities.Session::get_MissionTitle()
FNDA:58,System.String Sessions.Domain.Entities.Session::get_MissionTitle()
DA:12,58
FN:12,System.String Sessions.Domain.Entities.Session::get_Pin()
FNDA:64,System.String Sessions.Domain.Entities.Session::get_Pin()
DA:13,64
FN:19,Sessions.Domain.Enums.SessionStatus Sessions.Domain.Entities.Session::get_Status()
FNDA:36,Sessions.Domain.Enums.SessionStatus Sessions.Domain.Entities.Session::get_Status()
DA:20,36
FN:20,System.Void Sessions.Domain.Entities.Session::set_Status(Sessions.Domain.Enums.SessionStatus)
FNDA:140,System.Void Sessions.Domain.Entities.Session::set_Status(Sessions.Domain.Enums.SessionStatus)
DA:21,140
FN:23,System.Nullable`1<System.DateTime> Sessions.Domain.Entities.Session::get_StartedAt()
FNDA:19,System.Nullable`1<System.DateTime> Sessions.Domain.Entities.Session::get_StartedAt()
DA:24,19
FN:24,System.Nullable`1<System.DateTime> Sessions.Domain.Entities.Session::get_EndedAt()
FNDA:16,System.Nullable`1<System.DateTime> Sessions.Domain.Entities.Session::get_EndedAt()
DA:25,16
FN:25,System.DateTime Sessions.Domain.Entities.Session::get_CreatedAt()
FNDA:38,System.DateTime Sessions.Domain.Entities.Session::get_CreatedAt()
DA:26,38
FN:28,System.Collections.Generic.IReadOnlyList`1<Sessions.Domain.Entities.SessionParticipant> Sessions.Domain.Entities.Session::get_Participants()
FNDA:12,System.Collections.Generic.IReadOnlyList`1<Sessions.Domain.Entities.SessionParticipant> Sessions.Domain.Entities.Session::get_Participants()
DA:29,12
FN:31,Sessions.Domain.Entities.Session Sessions.Domain.Entities.Session::Create(System.String,System.Guid,System.String,System.String)
FNDA:23,Sessions.Domain.Entities.Session Sessions.Domain.Entities.Session::Create(System.String,System.Guid,System.String,System.String)
DA:32,23
DA:33,23
DA:34,23
DA:35,23
DA:36,23
DA:37,23
DA:38,23
DA:39,23
DA:40,23
DA:41,23
DA:42,23
DA:43,23
FN:45,System.Void Sessions.Domain.Entities.Session::TransitionTo(Sessions.Domain.Enums.SessionStatus)
FNDA:4,System.Void Sessions.Domain.Entities.Session::TransitionTo(Sessions.Domain.Enums.SessionStatus)
DA:46,4
DA:47,4
DA:48,4
DA:49,0
DA:50,0
DA:53,4
DA:54,1
DA:55,1
DA:56,1
DA:59,3
DA:60,3
DA:61,3
DA:62,3
BRDA:47,7,0,0
BRDA:47,7,1,4
BRDA:48,42,0,0
BRDA:48,42,1,4
BRDA:53,120,0,1
BRDA:53,120,1,3
FN:64,System.Void Sessions.Domain.Entities.Session::AddParticipant(System.Guid)
FNDA:0,System.Void Sessions.Domain.Entities.Session::AddParticipant(System.Guid)
DA:65,0
DA:66,0
DA:67,0
DA:68,0
DA:69,0
DA:72,0
DA:73,0
DA:74,0
DA:77,0
DA:78,0
BRDA:66,28,0,0
BRDA:66,28,1,0
BRDA:72,119,0,0
BRDA:72,119,1,0
FN:15,System.Void Sessions.Domain.Entities.Session::.ctor()
FNDA:23,System.Void Sessions.Domain.Entities.Session::.ctor()
DA:16,23
DA:28,23
LF:48
LH:36
BRF:10
BRH:4
FNF:15
FNH:14
end_of_record
SF:C:\Users\erosd\Desktop\ProyectoUmbral\src\Sessions.Service\Sessions.Domain\Entities\SessionParticipant.cs
FN:4,System.Guid Sessions.Domain.Entities.SessionParticipant::get_Id()
FNDA:4,System.Guid Sessions.Domain.Entities.SessionParticipant::get_Id()
DA:5,4
FN:5,System.Guid Sessions.Domain.Entities.SessionParticipant::get_SessionId()
FNDA:4,System.Guid Sessions.Domain.Entities.SessionParticipant::get_SessionId()
DA:6,4
FN:6,System.Guid Sessions.Domain.Entities.SessionParticipant::get_UserId()
FNDA:4,System.Guid Sessions.Domain.Entities.SessionParticipant::get_UserId()
DA:7,4
FN:7,System.String Sessions.Domain.Entities.SessionParticipant::get_UserAlias()
FNDA:8,System.String Sessions.Domain.Entities.SessionParticipant::get_UserAlias()
DA:8,8
FN:8,System.DateTime Sessions.Domain.Entities.SessionParticipant::get_JoinedAt()
FNDA:7,System.DateTime Sessions.Domain.Entities.SessionParticipant::get_JoinedAt()
DA:9,7
FN:13,Sessions.Domain.Entities.SessionParticipant Sessions.Domain.Entities.SessionParticipant::Create(System.Guid,System.Guid,System.String)
FNDA:4,Sessions.Domain.Entities.SessionParticipant Sessions.Domain.Entities.SessionParticipant::Create(System.Guid,System.Guid,System.String)
DA:14,4
DA:15,4
DA:16,4
DA:17,4
DA:18,4
DA:19,4
DA:20,4
DA:21,4
DA:22,4
DA:23,4
BRDA:15,37,0,4
BRDA:15,37,1,0
FN:10,System.Void Sessions.Domain.Entities.SessionParticipant::.ctor()
FNDA:12,System.Void Sessions.Domain.Entities.SessionParticipant::.ctor()
DA:11,12
LF:16
LH:16
BRF:2
BRH:1
FNF:7
FNH:7
end_of_record