SF:C:\Users\erosd\Desktop\ProyectoUmbral\src\Sessions.Service\Sessions.Domain\States\ActiveState.cs
FN:7,Sessions.Domain.Enums.SessionStatus Sessions.Domain.States.ActiveState::get_Status()
FNDA:16,Sessions.Domain.Enums.SessionStatus Sessions.Domain.States.ActiveState::get_Status()
DA:8,16
FN:16,System.Boolean Sessions.Domain.States.ActiveState::CanTransitionTo(Sessions.Domain.Enums.SessionStatus)
FNDA:16,System.Boolean Sessions.Domain.States.ActiveState::CanTransitionTo(Sessions.Domain.Enums.SessionStatus)
DA:17,16
FN:19,System.Void Sessions.Domain.States.ActiveState::OnEnter(Sessions.Domain.Entities.Session)
FNDA:7,System.Void Sessions.Domain.States.ActiveState::OnEnter(Sessions.Domain.Entities.Session)
DA:20,7
DA:21,7
DA:22,5
DA:23,7
BRDA:21,20,0,5
BRDA:21,20,1,2
FN:24,System.Void Sessions.Domain.States.ActiveState::OnExit(Sessions.Domain.Entities.Session)
FNDA:18,System.Void Sessions.Domain.States.ActiveState::OnExit(Sessions.Domain.Entities.Session)
DA:25,18
FN:9,System.Void Sessions.Domain.States.ActiveState::.cctor()
FNDA:1,System.Void Sessions.Domain.States.ActiveState::.cctor()
DA:10,1
DA:11,1
DA:12,1
DA:13,1
DA:14,1
DA:15,1
LF:13
LH:13
BRF:2
BRH:2
FNF:5
FNH:5
end_of_record
SF:C:\Users\erosd\Desktop\ProyectoUmbral\src\Sessions.Service\Sessions.Domain\States\CancelledState.cs
FN:7,Sessions.Domain.Enums.SessionStatus Sessions.Domain.States.CancelledState::get_Status()
FNDA:5,Sessions.Domain.Enums.SessionStatus Sessions.Domain.States.CancelledState::get_Status()
DA:8,5
FN:11,System.Boolean Sessions.Domain.States.CancelledState::CanTransitionTo(Sessions.Domain.Enums.SessionStatus)
FNDA:7,System.Boolean Sessions.Domain.States.CancelledState::CanTransitionTo(Sessions.Domain.Enums.SessionStatus)
DA:12,7
FN:14,System.Void Sessions.Domain.States.CancelledState::OnEnter(Sessions.Domain.Entities.Session)
FNDA:10,System.Void Sessions.Domain.States.CancelledState::OnEnter(Sessions.Domain.Entities.Session)
DA:15,10
DA:16,10
DA:17,10
FN:18,System.Void Sessions.Domain.States.CancelledState::OnExit(Sessions.Domain.Entities.Session)
FNDA:2,System.Void Sessions.Domain.States.CancelledState::OnExit(Sessions.Domain.Entities.Session)
DA:19,2
FN:9,System.Void Sessions.Domain.States.CancelledState::.cctor()
FNDA:0,System.Void Sessions.Domain.States.CancelledState::.cctor()
DA:10,0
LF:7
LH:6
BRF:0
BRH:0
FNF:5
FNH:4
end_of_record
SF:C:\Users\erosd\Desktop\ProyectoUmbral\src\Sessions.Service\Sessions.Domain\States\FinishedState.cs
FN:7,Sessions.Domain.Enums.SessionStatus Sessions.Domain.States.FinishedState::get_Status()
FNDA:5,Sessions.Domain.Enums.SessionStatus Sessions.Domain.States.FinishedState::get_Status()
DA:8,5
FN:11,System.Boolean Sessions.Domain.States.FinishedState::CanTransitionTo(Sessions.Domain.Enums.SessionStatus)
FNDA:7,System.Boolean Sessions.Domain.States.FinishedState::CanTransitionTo(Sessions.Domain.Enums.SessionStatus)
DA:12,7
FN:14,System.Void Sessions.Domain.States.FinishedState::OnEnter(Sessions.Domain.Entities.Session)
FNDA:6,System.Void Sessions.Domain.States.FinishedState::OnEnter(Sessions.Domain.Entities.Session)
DA:15,6
DA:16,6
DA:17,6
FN:18,System.Void Sessions.Domain.States.FinishedState::OnExit(Sessions.Domain.Entities.Session)
FNDA:2,System.Void Sessions.Domain.States.FinishedState::OnExit(Sessions.Domain.Entities.Session)
DA:19,2
FN:9,System.Void Sessions.Domain.States.FinishedState::.cctor()
FNDA:0,System.Void Sessions.Domain.States.FinishedState::.cctor()
DA:10,0
LF:7
LH:6
BRF:0
BRH:0
FNF:5
FNH:4
end_of_record
SF:C:\Users\erosd\Desktop\ProyectoUmbral\src\Sessions.Service\Sessions.Domain\States\PausedState.cs
FN:7,Sessions.Domain.Enums.SessionStatus Sessions.Domain.States.PausedState::get_Status()
FNDA:13,Sessions.Domain.Enums.SessionStatus Sessions.Domain.States.PausedState::get_Status()
DA:8,13
FN:16,System.Boolean Sessions.Domain.States.PausedState::CanTransitionTo(Sessions.Domain.Enums.SessionStatus)
FNDA:14,System.Boolean Sessions.Domain.States.PausedState::CanTransitionTo(Sessions.Domain.Enums.SessionStatus)
DA:17,14
FN:18,System.Void Sessions.Domain.States.PausedState::OnEnter(Sessions.Domain.Entities.Session)
FNDA:6,System.Void Sessions.Domain.States.PausedState::OnEnter(Sessions.Domain.Entities.Session)
DA:19,6
FN:19,System.Void Sessions.Domain.States.PausedState::OnExit(Sessions.Domain.Entities.Session)
FNDA:14,System.Void Sessions.Domain.States.PausedState::OnExit(Sessions.Domain.Entities.Session)
DA:20,14
FN:9,System.Void Sessions.Domain.States.PausedState::.cctor()
FNDA:1,System.Void Sessions.Domain.States.PausedState::.cctor()
DA:10,1
DA:11,1
DA:12,1
DA:13,1
DA:14,1
DA:15,1
LF:10
LH:10
BRF:0
BRH:0
FNF:5
FNH:5
end_of_record
SF:C:\Users\erosd\Desktop\ProyectoUmbral\src\Sessions.Service\Sessions.Domain\States\PreparingState.cs
FN:7,Sessions.Domain.Enums.SessionStatus Sessions.Domain.States.PreparingState::get_Status()
FNDA:14,Sessions.Domain.Enums.SessionStatus Sessions.Domain.States.PreparingState::get_Status()
DA:8,14
FN:15,System.Boolean Sessions.Domain.States.PreparingState::CanTransitionTo(Sessions.Domain.Enums.SessionStatus)
FNDA:14,System.Boolean Sessions.Domain.States.PreparingState::CanTransitionTo(Sessions.Domain.Enums.SessionStatus)
DA:16,14
FN:17,System.Void Sessions.Domain.States.PreparingState::OnEnter(Sessions.Domain.Entities.Session)
FNDA:4,System.Void Sessions.Domain.States.PreparingState::OnEnter(Sessions.Domain.Entities.Session)
DA:18,4
FN:18,System.Void Sessions.Domain.States.PreparingState::OnExit(Sessions.Domain.Entities.Session)
FNDA:12,System.Void Sessions.Domain.States.PreparingState::OnExit(Sessions.Domain.Entities.Session)
DA:19,12
FN:9,System.Void Sessions.Domain.States.PreparingState::.cctor()
FNDA:1,System.Void Sessions.Domain.States.PreparingState::.cctor()
DA:10,1
DA:11,1
DA:12,1
DA:13,1
DA:14,1
LF:9
LH:9
BRF:0
BRH:0
FNF:5
FNH:5
end_of_record
SF:C:\Users\erosd\Desktop\ProyectoUmbral\src\Sessions.Service\Sessions.Domain\States\ScheduledState.cs
FN:7,Sessions.Domain.Enums.SessionStatus Sessions.Domain.States.ScheduledState::get_Status()
FNDA:14,Sessions.Domain.Enums.SessionStatus Sessions.Domain.States.ScheduledState::get_Status()
DA:8,14
FN:15,System.Boolean Sessions.Domain.States.ScheduledState::CanTransitionTo(Sessions.Domain.Enums.SessionStatus)
FNDA:13,System.Boolean Sessions.Domain.States.ScheduledState::CanTransitionTo(Sessions.Domain.Enums.SessionStatus)
DA:16,13
FN:17,System.Void Sessions.Domain.States.ScheduledState::OnEnter(Sessions.Domain.Entities.Session)
FNDA:2,System.Void Sessions.Domain.States.ScheduledState::OnEnter(Sessions.Domain.Entities.Session)
DA:18,2
FN:18,System.Void Sessions.Domain.States.ScheduledState::OnExit(Sessions.Domain.Entities.Session)
FNDA:8,System.Void Sessions.Domain.States.ScheduledState::OnExit(Sessions.Domain.Entities.Session)
DA:19,8
FN:9,System.Void Sessions.Domain.States.ScheduledState::.cctor()
FNDA:1,System.Void Sessions.Domain.States.ScheduledState::.cctor()
DA:10,1
DA:11,1
DA:12,1
DA:13,1
DA:14,1
LF:9
LH:9
BRF:0
BRH:0
FNF:5
FNH:5
end_of_record
SF:C:\Users\erosd\Desktop\ProyectoUmbral\src\Sessions.Service\Sessions.Domain\States\StateFactory.cs
FN:16,Sessions.Domain.States.ISessionState Sessions.Domain.States.StateFactory::Create(Sessions.Domain.Enums.SessionStatus)
FNDA:117,Sessions.Domain.States.ISessionState Sessions.Domain.States.StateFactory::Create(Sessions.Domain.Enums.SessionStatus)
DA:17,117
FN:6,System.Void Sessions.Domain.States.StateFactory::.cctor()
FNDA:1,System.Void Sessions.Domain.States.StateFactory::.cctor()
DA:7,1
DA:8,1
DA:9,1
DA:10,1
DA:11,1
DA:12,1
DA:13,1
DA:14,1
DA:15,1
LF:10
LH:10
BRF:0
BRH:0
FNF:2
FNH:2
end_of_record
SF:C:\Users\erosd\Desktop\ProyectoUmbral\src\Sessions.Service\Sessions.Domain\Entities\Session.cs
FN:8,System.Guid Sessions.Domain.Entities.Session::get_Id()
FNDA:47,System.Guid Sessions.Domain.Entities.Session::get_Id()
DA:9,47
FN:9,System.String Sessions.Domain.Entities.Session::get_Name()
FNDA:94,System.String Sessions.Domain.Entities.Session::get_Name()
DA:10,94
FN:10,System.Guid Sessions.Domain.Entities.Session::get_MissionId()
FNDA:47,System.Guid Sessions.Domain.Entities.Session::get_MissionId()
DA:11,47
FN:11,System.String Sessions.Domain.Entities.Session::get_MissionTitle()
FNDA:94,System.String Sessions.Domain.Entities.Session::get_MissionTitle()
DA:12,94
FN:12,System.String Sessions.Domain.Entities.Session::get_Pin()
FNDA:94,System.String Sessions.Domain.Entities.Session::get_Pin()
DA:13,94
FN:19,Sessions.Domain.Enums.SessionStatus Sessions.Domain.Entities.Session::get_Status()
FNDA:16,Sessions.Domain.Enums.SessionStatus Sessions.Domain.Entities.Session::get_Status()
DA:20,16
FN:20,System.Void Sessions.Domain.Entities.Session::set_Status(Sessions.Domain.Enums.SessionStatus)
FNDA:412,System.Void Sessions.Domain.Entities.Session::set_Status(Sessions.Domain.Enums.SessionStatus)
DA:21,412
FN:23,System.Nullable`1<System.DateTime> Sessions.Domain.Entities.Session::get_StartedAt()
FNDA:43,System.Nullable`1<System.DateTime> Sessions.Domain.Entities.Session::get_StartedAt()
DA:24,43
FN:24,System.Nullable`1<System.DateTime> Sessions.Domain.Entities.Session::get_EndedAt()
FNDA:40,System.Nullable`1<System.DateTime> Sessions.Domain.Entities.Session::get_EndedAt()
DA:25,40
FN:25,System.DateTime Sessions.Domain.Entities.Session::get_CreatedAt()
FNDA:47,System.DateTime Sessions.Domain.Entities.Session::get_CreatedAt()
DA:26,47
FN:28,System.Collections.Generic.IReadOnlyList`1<Sessions.Domain.Entities.SessionParticipant> Sessions.Domain.Entities.Session::get_Participants()
FNDA:0,System.Collections.Generic.IReadOnlyList`1<Sessions.Domain.Entities.SessionParticipant> Sessions.Domain.Entities.Session::get_Participants()
DA:29,0
FN:31,Sessions.Domain.Entities.Session Sessions.Domain.Entities.Session::Create(System.String,System.Guid,System.String,System.String)
FNDA:47,Sessions.Domain.Entities.Session Sessions.Domain.Entities.Session::Create(System.String,System.Guid,System.String,System.String)
DA:32,47
DA:33,47
DA:34,47
DA:35,47
DA:36,47
DA:37,47
DA:38,47
DA:39,47
DA:40,47
DA:41,47
DA:42,47
DA:43,47
FN:45,System.Void Sessions.Domain.Entities.Session::TransitionTo(Sessions.Domain.Enums.SessionStatus)
FNDA:36,System.Void Sessions.Domain.Entities.Session::TransitionTo(Sessions.Domain.Enums.SessionStatus)
DA:46,36
DA:47,36
DA:48,36
DA:49,1
DA:50,1
DA:53,35
DA:54,13
DA:55,13
DA:56,13
DA:59,22
DA:60,22
DA:61,22
DA:62,22
BRDA:47,7,0,0
BRDA:47,7,1,36
BRDA:48,42,0,1
BRDA:48,42,1,35
BRDA:53,120,0,13
BRDA:53,120,1,22
FN:64,System.Void Sessions.Domain.Entities.Session::AddParticipant(System.Guid)
FNDA:0,System.Void Sessions.Domain.Entities.Session::AddParticipant(System.Guid)
DA:65,0
DA:66,0
DA:67,0
DA:68,0
DA:69,0
DA:72,0
DA:73,0
DA:74,0
DA:77,0
DA:78,0
BRDA:66,28,0,0
BRDA:66,28,1,0
BRDA:72,119,0,0
BRDA:72,119,1,0
FN:15,System.Void Sessions.Domain.Entities.Session::.ctor()
FNDA:47,System.Void Sessions.Domain.Entities.Session::.ctor()
DA:16,47
DA:28,47
LF:48
LH:37
BRF:10
BRH:5
FNF:15
FNH:13
end_of_record
SF:C:\Users\erosd\Desktop\ProyectoUmbral\src\Sessions.Service\Sessions.Domain\Entities\SessionParticipant.cs
FN:4,System.Guid Sessions.Domain.Entities.SessionParticipant::get_Id()
FNDA:0,System.Guid Sessions.Domain.Entities.SessionParticipant::get_Id()
DA:5,0
FN:5,System.Guid Sessions.Domain.Entities.SessionParticipant::get_SessionId()
FNDA:0,System.Guid Sessions.Domain.Entities.SessionParticipant::get_SessionId()
DA:6,0
FN:6,System.Guid Sessions.Domain.Entities.SessionParticipant::get_UserId()
FNDA:0,System.Guid Sessions.Domain.Entities.SessionParticipant::get_UserId()
DA:7,0
FN:7,System.String Sessions.Domain.Entities.SessionParticipant::get_UserAlias()
FNDA:0,System.String Sessions.Domain.Entities.SessionParticipant::get_UserAlias()
DA:8,0
FN:8,System.DateTime Sessions.Domain.Entities.SessionParticipant::get_JoinedAt()
FNDA:0,System.DateTime Sessions.Domain.Entities.SessionParticipant::get_JoinedAt()
DA:9,0
FN:13,Sessions.Domain.Entities.SessionParticipant Sessions.Domain.Entities.SessionParticipant::Create(System.Guid,System.Guid,System.String)
FNDA:0,Sessions.Domain.Entities.SessionParticipant Sessions.Domain.Entities.SessionParticipant::Create(System.Guid,System.Guid,System.String)
DA:14,0
DA:15,0
DA:16,0
DA:17,0
DA:18,0
DA:19,0
DA:20,0
DA:21,0
DA:22,0
DA:23,0
BRDA:15,37,0,0
BRDA:15,37,1,0
FN:10,System.Void Sessions.Domain.Entities.SessionParticipant::.ctor()
FNDA:0,System.Void Sessions.Domain.Entities.SessionParticipant::.ctor()
DA:11,0
LF:16
LH:0
BRF:2
BRH:0
FNF:7
FNH:0
end_of_record